<?xml version="1.0" encoding="UTF-8"?>
<!-- Generated by org.testng.reporters.JUnitReportReporter -->
<testsuite hostname="DESKTOP-OF1IT6T" failures="0" tests="2" name="assignment_01.Gurudemo_automationex2" time="11.484" errors="0" timestamp="2020-07-01T10:06:22 PDT" skipped="0">
  <testcase classname="assignment_01.Gurudemo_automationex2" name="TestCase1" time="7.881"/>
  <system-out/>
  <testcase classname="assignment_01.Gurudemo_automationex2" name="TestCase2" time="3.603"/>
  <system-out/>
</testsuite> <!-- assignment_01.Gurudemo_automationex2 -->
